\BOOKMARK [1][-]{section.1}{\376\377\0002\0006\000-\000A\000U\000G\000-\0002\0004}{}% 1
\BOOKMARK [2][-]{subsection.1.1}{\376\377\000O\000r\000d\000e\000r\000,\000\040\000L\000i\000n\000e\000a\000r\000,\000\040\000a\000n\000d\000\040\000P\000D\000E\000\040\000v\000s\000\040\000O\000D\000E}{section.1}% 2
\BOOKMARK [1][-]{section.2}{\376\377\0002\0008\000-\000A\000U\000G\000-\0002\0004}{}% 3
\BOOKMARK [2][-]{subsection.2.1}{\376\377\000M\000i\000s\000c\000e\000l\000l\000a\000n\000e\000o\000u\000s}{section.2}% 4
\BOOKMARK [2][-]{subsection.2.2}{\376\377\000M\000o\000r\000e\000\040\000m\000i\000s\000c\000e\000l\000l\000a\000n\000y}{section.2}% 5
\BOOKMARK [2][-]{subsection.2.3}{\376\377\000V\000e\000r\000i\000f\000y\000i\000n\000g\000\040\000s\000o\000l\000u\000t\000i\000o\000n\000s\000\040\000u\000s\000i\000n\000g\000\040\000i\000n\000i\000t\000i\000a\000l\000\040\000c\000o\000n\000d\000i\000t\000i\000o\000n\000s}{section.2}% 6
\BOOKMARK [2][-]{subsection.2.4}{\376\377\000I\000V\000P\000s}{section.2}% 7
\BOOKMARK [1][-]{section.3}{\376\377\0003\0000\000-\000A\000U\000G\000-\0002\0004}{}% 8
\BOOKMARK [2][-]{subsection.3.1}{\376\377\000I\000n\000t\000e\000g\000r\000a\000t\000i\000n\000g\000\040\000F\000a\000c\000t\000o\000r}{section.3}% 9
\BOOKMARK [1][-]{section.4}{\376\377\0000\0004\000-\000S\000E\000P\000-\0002\0004}{}% 10
\BOOKMARK [2][-]{subsection.4.1}{\376\377\000S\000e\000p\000a\000r\000a\000t\000i\000o\000n\000\040\000o\000f\000\040\000V\000a\000r\000i\000a\000b\000l\000e\000s}{section.4}% 11
\BOOKMARK [1][-]{section.5}{\376\377\0000\0006\000-\000S\000E\000P\000-\0002\0004}{}% 12
\BOOKMARK [2][-]{subsection.5.1}{\376\377\000E\000x\000a\000c\000t\000\040\000E\000q\000u\000a\000t\000i\000o\000n\000s}{section.5}% 13
\BOOKMARK [1][-]{section.6}{\376\377\0000\0009\000-\000S\000E\000P\000-\0002\0004}{}% 14
\BOOKMARK [2][-]{subsection.6.1}{\376\377\000S\000e\000p\000a\000r\000a\000t\000i\000o\000n\000\040\000o\000f\000\040\000V\000a\000r\000i\000a\000b\000l\000e\000s\000,\000\040\000b\000u\000t\000\040\000m\000o\000r\000e}{section.6}% 15
\BOOKMARK [2][-]{subsection.6.2}{\376\377\000E\000x\000a\000c\000t\000\040\000e\000q\000u\000a\000t\000i\000o\000n\000s\000,\000\040\000b\000u\000t\000\040\000m\000o\000r\000e}{section.6}% 16
\BOOKMARK [1][-]{section.7}{\376\377\0001\0001\000-\000S\000E\000P\000-\0002\0004}{}% 17
\BOOKMARK [2][-]{subsection.7.1}{\376\377\000B\000e\000r\000n\000o\000u\000l\000l\000i\000\040\000E\000q\000u\000a\000t\000i\000o\000n\000s}{section.7}% 18
\BOOKMARK [1][-]{section.8}{\376\377\0001\0003\000-\000S\000E\000P\000-\0002\0004}{}% 19
\BOOKMARK [2][-]{subsection.8.1}{\376\377\000S\000e\000c\000o\000n\000d\000\040\000o\000r\000d\000e\000r\000\040\000O\000D\000E\000s\000\040\000w\000i\000t\000h\000\040\000c\000o\000n\000s\000t\000a\000n\000t\000\040\000c\000o\000e\000f\000f\000i\000c\000i\000e\000n\000t\000s}{section.8}% 20
\BOOKMARK [1][-]{section.9}{\376\377\0001\0006\000-\000S\000E\000P\000-\0002\0000\0002\0004}{}% 21
\BOOKMARK [2][-]{subsection.9.1}{\376\377\000E\000x\000a\000m\000p\000l\000e\000s\000,\000\040\000a\000g\000a\000i\000n}{section.9}% 22
\BOOKMARK [1][-]{section.10}{\376\377\0001\0008\000-\000S\000E\000P\000-\0002\0004}{}% 23
\BOOKMARK [2][-]{subsection.10.1}{\376\377\000N\000o\000n\000-\000h\000o\000m\000o\000g\000e\000n\000o\000u\000s\000\040\000s\000e\000c\000o\000n\000d\000\040\000o\000r\000d\000e\000r\000\040\000O\000D\000E\000\040\000w\000i\000t\000h\000\040\000c\000o\000n\000s\000t\000a\000n\000t\000\040\000c\000o\000e\000f\000f\000i\000c\000i\000e\000n\000t\000s}{section.10}% 24
\BOOKMARK [1][-]{section.11}{\376\377\0002\0000\000-\000S\000E\000P\000-\0002\0000\0002\0004}{}% 25
\BOOKMARK [2][-]{subsection.11.1}{\376\377\000H\000o\000m\000o\000g\000e\000n\000e\000o\000u\000s\000\040\000C\000a\000u\000c\000h\000y\000-\000E\000u\000l\000e\000r\000\040\000E\000q\000u\000a\000t\000i\000o\000n}{section.11}% 26
