\BOOKMARK [1][-]{section.1}{\376\377\0002\0007\000-\000A\000U\000G\000-\0002\0004}{}% 1
\BOOKMARK [2][-]{subsection.1.1}{\376\377\000M\000i\000s\000c\000e\000l\000l\000a\000n\000e\000o\000u\000s}{section.1}% 2
\BOOKMARK [2][-]{subsection.1.2}{\376\377\000F\000a\000c\000u\000l\000t\000y\000\040\000I\000n\000t\000r\000o}{section.1}% 3
\BOOKMARK [2][-]{subsection.1.3}{\376\377\000S\000y\000l\000l\000a\000b\000u\000s}{section.1}% 4
\BOOKMARK [2][-]{subsection.1.4}{\376\377\000S\000c\000i\000e\000n\000t\000i\000f\000i\000c\000\040\000v\000s\000\040\000E\000n\000g\000i\000n\000e\000e\000r\000i\000n\000g\000\040\000R\000e\000s\000e\000a\000r\000c\000h}{section.1}% 5
\BOOKMARK [1][-]{section.2}{\376\377\0002\0009\000-\000A\000U\000G\000-\0002\0004}{}% 6
\BOOKMARK [2][-]{subsection.2.1}{\376\377\000M\000i\000s\000c\000e\000l\000l\000a\000n\000e\000o\000u\000s}{section.2}% 7
\BOOKMARK [2][-]{subsection.2.2}{\376\377\000R\000e\000s\000e\000a\000r\000c\000h\000,\000\040\000P\000r\000o\000p\000o\000s\000a\000l\000s\000,\000\040\000F\000u\000n\000d\000i\000n\000g}{section.2}% 8
\BOOKMARK [2][-]{subsection.2.3}{\376\377\000I\000n\000d\000u\000s\000t\000r\000i\000a\000l\000\040\000r\000e\000s\000e\000a\000r\000c\000h}{section.2}% 9
\BOOKMARK [2][-]{subsection.2.4}{\376\377\000A\000c\000a\000d\000e\000m\000i\000c\000\040\000r\000e\000s\000e\000a\000r\000c\000h}{section.2}% 10
\BOOKMARK [1][-]{section.3}{\376\377\0003\000-\000S\000E\000P\000-\0002\0004}{}% 11
\BOOKMARK [2][-]{subsection.3.1}{\376\377\000C\000r\000i\000t\000i\000c\000a\000l\000\040\000A\000n\000a\000l\000y\000s\000i\000s\000\040\000o\000f\000\040\000P\000a\000p\000e\000r\000s}{section.3}% 12
\BOOKMARK [2][-]{subsection.3.2}{\376\377\000A\000s\000s\000e\000s\000s\000i\000n\000g\000\040\000C\000o\000n\000t\000r\000i\000b\000u\000t\000i\000o\000n\000s}{section.3}% 13
\BOOKMARK [2][-]{subsection.3.3}{\376\377\000R\000e\000a\000d\000i\000n\000g\000\040\000a\000\040\000p\000a\000p\000e\000r}{section.3}% 14
\BOOKMARK [1][-]{section.4}{\376\377\0000\0005\000-\000S\000E\000P\000-\0002\0004}{}% 15
\BOOKMARK [2][-]{subsection.4.1}{\376\377\000M\000i\000s\000c\000e\000l\000l\000a\000n\000e\000o\000u\000s}{section.4}% 16
\BOOKMARK [2][-]{subsection.4.2}{\376\377\000C\000r\000i\000t\000i\000c\000a\000l\000\040\000A\000n\000a\000l\000y\000s\000i\000s\000\040\000o\000f\000\040\000P\000a\000p\000e\000r\000s\000,\000\040\000c\000o\000n\000t\000i\000n\000u\000e\000d}{section.4}% 17
\BOOKMARK [2][-]{subsection.4.3}{\376\377\000R\000e\000s\000e\000a\000r\000c\000h\000\040\000D\000i\000s\000s\000e\000m\000i\000n\000a\000t\000i\000o\000n}{section.4}% 18
\BOOKMARK [1][-]{section.5}{\376\377\0001\0000\000-\000S\000E\000P\000-\0002\0004}{}% 19
\BOOKMARK [2][-]{subsection.5.1}{\376\377\000O\000p\000e\000n\000\040\000a\000c\000c\000e\000s\000s\000\040\000p\000r\000e\000p\000r\000i\000n\000t\000s}{section.5}% 20
\BOOKMARK [2][-]{subsection.5.2}{\376\377\000P\000r\000e\000d\000a\000t\000o\000r\000y\000\040\000J\000o\000u\000r\000n\000a\000l\000s\000\040\000a\000n\000d\000\040\000C\000o\000n\000f\000e\000r\000e\000n\000c\000e\000s}{section.5}% 21
\BOOKMARK [2][-]{subsection.5.3}{\376\377\000N\000o\000n\000s\000c\000h\000o\000l\000a\000r\000l\000y\000\040\000t\000e\000c\000h\000n\000i\000c\000a\000l\000\040\000d\000o\000c\000u\000m\000e\000n\000t\000s}{section.5}% 22
\BOOKMARK [2][-]{subsection.5.4}{\376\377\000J\000o\000u\000r\000n\000a\000l\000\040\000B\000i\000b\000l\000i\000o\000m\000e\000t\000r\000i\000c\000s}{section.5}% 23
\BOOKMARK [2][-]{subsection.5.5}{\376\377\000H\000o\000w\000\040\000a\000r\000e\000\040\000j\000o\000u\000r\000n\000a\000l\000s\000\040\000a\000n\000d\000\040\000c\000o\000n\000f\000e\000r\000e\000n\000c\000e\000s\000\040\000o\000r\000g\000a\000n\000i\000z\000e\000d\000?}{section.5}% 24
\BOOKMARK [2][-]{subsection.5.6}{\376\377\000T\000y\000p\000e\000s\000\040\000o\000f\000\040\000r\000e\000v\000i\000e\000w}{section.5}% 25
\BOOKMARK [2][-]{subsection.5.7}{\376\377\000L\000i\000t\000e\000r\000a\000t\000u\000r\000e\000\040\000R\000e\000v\000i\000e\000w}{section.5}% 26
\BOOKMARK [1][-]{section.6}{\376\377\0001\0002\000-\000S\000E\000P\000-\0002\0004}{}% 27
\BOOKMARK [2][-]{subsection.6.1}{\376\377\000L\000i\000t\000e\000r\000a\000t\000u\000r\000e\000\040\000R\000e\000v\000i\000e\000w\000\040\000a\000n\000d\000\040\000P\000r\000e\000s\000e\000n\000t\000a\000t\000i\000o\000n\000s}{section.6}% 28
\BOOKMARK [2][-]{subsection.6.2}{\376\377\000G\000e\000n\000e\000r\000a\000t\000i\000v\000e\000\040\000A\000I}{section.6}% 29
\BOOKMARK [1][-]{section.7}{\376\377\0001\0007\000-\000S\000E\000P\000-\0002\0004}{}% 30
\BOOKMARK [2][-]{subsection.7.1}{\376\377\000G\000e\000n\000e\000r\000a\000t\000i\000v\000e\000\040\000A\000I\000,\000\040\000C\000o\000n\000t\000i\000n\000u\000e\000d}{section.7}% 31
\BOOKMARK [1][-]{section.8}{\376\377\0001\0009\000-\000S\000E\000P\000-\0002\0004}{}% 32
\BOOKMARK [2][-]{subsection.8.1}{\376\377\000P\000r\000e\000s\000e\000n\000t\000a\000t\000i\000o\000n\000\040\000S\000k\000i\000l\000l\000s}{section.8}% 33
\BOOKMARK [2][-]{subsection.8.2}{\376\377\000T\000e\000c\000h\000n\000i\000c\000a\000l\000\040\000W\000r\000i\000t\000i\000n\000g}{section.8}% 34
\BOOKMARK [2][-]{subsection.8.3}{\376\377\000T\000i\000t\000l\000e}{section.8}% 35
\BOOKMARK [1][-]{section.9}{\376\377\000A\000b\000s\000t\000r\000a\000c\000t}{}% 36
\BOOKMARK [1][-]{section.10}{\376\377\000I\000n\000t\000r\000o\000d\000u\000c\000t\000i\000o\000n}{}% 37
\BOOKMARK [2][-]{subsection.10.1}{\376\377\000M\000a\000i\000n\000\040\000B\000o\000d\000y}{section.10}% 38
\BOOKMARK [2][-]{subsection.10.2}{\376\377\000C\000o\000n\000c\000l\000u\000s\000i\000o\000n}{section.10}% 39
\BOOKMARK [2][-]{subsection.10.3}{\376\377\000B\000i\000b\000l\000i\000o\000g\000r\000a\000p\000h\000y}{section.10}% 40
\BOOKMARK [2][-]{subsection.10.4}{\376\377\000P\000a\000r\000a\000g\000r\000a\000p\000h\000s}{section.10}% 41
\BOOKMARK [2][-]{subsection.10.5}{\376\377\000F\000l\000o\000w\000\040\000o\000f\000\040\000t\000e\000x\000t}{section.10}% 42
\BOOKMARK [2][-]{subsection.10.6}{\376\377\000P\000r\000o\000o\000f\000r\000e\000a\000d\000i\000n\000g}{section.10}% 43
\BOOKMARK [1][-]{section.11}{\376\377\0002\0004\000-\000S\000E\000P\000-\0002\0000\0002\0004}{}% 44
\BOOKMARK [2][-]{subsection.11.1}{\376\377\000V\000i\000s\000u\000a\000l\000i\000z\000a\000t\000i\000o\000n}{section.11}% 45
\BOOKMARK [2][-]{subsection.11.2}{\376\377\000E\000q\000u\000a\000t\000i\000o\000n\000s\000\040\000a\000n\000d\000\040\000G\000r\000a\000m\000m\000a\000r}{section.11}% 46
\BOOKMARK [2][-]{subsection.11.3}{\376\377\000G\000e\000n\000e\000r\000a\000l\000\040\000t\000h\000i\000n\000g\000s\000\040\000t\000o\000\040\000r\000e\000m\000e\000m\000b\000e\000r}{section.11}% 47
\BOOKMARK [2][-]{subsection.11.4}{\376\377\000C\000a\000p\000i\000t\000a\000l\000i\000z\000a\000t\000i\000o\000n}{section.11}% 48
\BOOKMARK [2][-]{subsection.11.5}{\376\377\000H\000y\000p\000h\000e\000n\000s}{section.11}% 49
\BOOKMARK [2][-]{subsection.11.6}{\376\377\000W\000o\000r\000d\000s\000\040\000p\000e\000o\000p\000l\000e\000\040\000d\000o\000\040\000w\000r\000o\000n\000g}{section.11}% 50
\BOOKMARK [2][-]{subsection.11.7}{\376\377\000U\000s\000i\000n\000g\000\040\000G\000e\000n\000A\000I}{section.11}% 51
\BOOKMARK [2][-]{subsection.11.8}{\376\377\000D\000i\000s\000c\000u\000s\000s\000i\000o\000n\000\040\000w\000i\000t\000h\000\040\000K\000e\000v\000i\000n}{section.11}% 52
\BOOKMARK [1][-]{section.12}{\376\377\0002\0006\000-\000S\000e\000p\000-\0002\0004}{}% 53
\BOOKMARK [2][-]{subsection.12.1}{\376\377\000Q\000u\000a\000d\000\040\000C\000h\000a\000r\000t}{section.12}% 54
\BOOKMARK [2][-]{subsection.12.2}{\376\377\000E\000t\000h\000i\000c\000s}{section.12}% 55
\BOOKMARK [2][-]{subsection.12.3}{\376\377\000Q\000u\000a\000l\000i\000f\000y\000i\000n\000g\000\040\000E\000x\000a\000m}{section.12}% 56
\BOOKMARK [2][-]{subsection.12.4}{\376\377\000W\000r\000i\000t\000t\000e\000n\000\040\000E\000v\000a\000l\000u\000a\000t\000i\000o\000n\000\040\000R\000e\000p\000o\000r\000t}{section.12}% 57
\BOOKMARK [1][-]{section.13}{\376\377\0000\0001\000-\000O\000C\000T\000-\0002\0004}{}% 58
\BOOKMARK [2][-]{subsection.13.1}{\376\377\000C\000r\000i\000t\000i\000c\000a\000l\000\040\000a\000n\000a\000l\000y\000s\000i\000s\000\040\000o\000f\000\040\000a\000\040\000r\000e\000s\000e\000a\000r\000c\000h\000\040\000p\000a\000p\000e\000r\000\040\000-\000\040\000p\000r\000e\000p\000a\000r\000a\000t\000i\000o\000n\000\040\000f\000o\000r\000\040\000t\000h\000e\000\040\000Q\000E}{section.13}% 59
\BOOKMARK [2][-]{subsection.13.2}{\376\377\000A\000n\000a\000t\000o\000m\000y\000\040\000o\000f\000\040\000y\000o\000u\000r\000\040\000q\000u\000a\000l\000i\000f\000y\000i\000n\000g\000\040\000e\000x\000a\000m\000\040\000r\000e\000p\000o\000r\000t}{section.13}% 60
\BOOKMARK [2][-]{subsection.13.3}{\376\377\000B\000a\000c\000k\000g\000r\000o\000u\000n\000d\000\040\000o\000f\000\040\000K\000a\000r\000e\000e\000m\000\040\000T\000a\000w\000i\000l\000\040\000P\000a\000p\000e\000r}{section.13}% 61
\BOOKMARK [1][-]{section.14}{\376\377\0000\0003\000-\000O\000C\000T\000-\0002\0004}{}% 62
\BOOKMARK [2][-]{subsection.14.1}{\376\377\000W\000h\000y\000\040\000d\000o\000e\000s\000\040\000R\000I\000T\000\040\000c\000a\000r\000e\000\040\000a\000b\000o\000u\000t\000\040\000l\000e\000g\000a\000l\000\040\000r\000e\000s\000p\000o\000n\000s\000i\000b\000i\000l\000i\000t\000i\000e\000s\000\040\000o\000f\000\040\000e\000t\000h\000i\000c\000s\000?}{section.14}% 63
\BOOKMARK [2][-]{subsection.14.2}{\376\377\000I\000m\000p\000e\000d\000i\000m\000e\000n\000t\000s\000\040\000t\000o\000\040\000R\000e\000s\000p\000o\000n\000s\000i\000b\000l\000e\000\040\000A\000c\000t\000i\000o\000n}{section.14}% 64
\BOOKMARK [1][-]{section.15}{\376\377\0000\0008\000-\000O\000C\000T\000-\0002\0000\0002\0004}{}% 65
\BOOKMARK [2][-]{subsection.15.1}{\376\377\000L\000i\000n\000e\000\040\000d\000r\000a\000w\000i\000n\000g\000\040\000t\000e\000c\000h\000n\000i\000q\000u\000e}{section.15}% 66
\BOOKMARK [1][-]{section.16}{\376\377\0001\0000\000-\000O\000C\000T\000-\0002\0000\0002\0004}{}% 67
\BOOKMARK [2][-]{subsection.16.1}{\376\377\000P\000l\000a\000g\000i\000a\000r\000i\000s\000m}{section.16}% 68
